0 info it worked if it ends with ok
1 verbose cli [ 'C:\\Program Files\\nodejs\\\\node.exe',
1 verbose cli   'C:\\Program Files\\nodejs\\node_modules\\npm\\bin\\npm-cli.js',
1 verbose cli   'publish' ]
2 info using npm@1.2.24
3 info using node@v0.10.9
4 verbose node symlink C:\Program Files\nodejs\\node.exe
5 verbose publish [ '.' ]
6 verbose read json Z:\Helio\package.json
7 verbose cache add [ '.', null ]
8 verbose cache add name=undefined spec="." args=[".",null]
9 verbose parsed url { protocol: null,
9 verbose parsed url   slashes: null,
9 verbose parsed url   auth: null,
9 verbose parsed url   host: null,
9 verbose parsed url   port: null,
9 verbose parsed url   hostname: null,
9 verbose parsed url   hash: null,
9 verbose parsed url   search: null,
9 verbose parsed url   query: null,
9 verbose parsed url   pathname: '.',
9 verbose parsed url   path: '.',
9 verbose parsed url   href: '.' }
10 silly lockFile 3a52ce78- .
11 verbose lock . C:\Users\Rishi\AppData\Roaming\npm-cache\3a52ce78-.lock
12 verbose read json package.json
13 verbose tar pack [ 'C:\\Users\\Rishi\\AppData\\Local\\Temp\\npm-6772\\1376853163256-0.8916244739666581\\tmp.tgz',
13 verbose tar pack   '.' ]
14 verbose tarball C:\Users\Rishi\AppData\Local\Temp\npm-6772\1376853163256-0.8916244739666581\tmp.tgz
15 verbose folder .
16 info prepublish helio@0.0.4
17 silly lockFile 3a52ce78- .
18 verbose lock . C:\Users\Rishi\AppData\Roaming\npm-cache\3a52ce78-.lock
19 silly lockFile 15699e97-63256-0-8916244739666581-tmp-tgz C:\Users\Rishi\AppData\Local\Temp\npm-6772\1376853163256-0.8916244739666581\tmp.tgz
20 verbose lock C:\Users\Rishi\AppData\Local\Temp\npm-6772\1376853163256-0.8916244739666581\tmp.tgz C:\Users\Rishi\AppData\Roaming\npm-cache\15699e97-63256-0-8916244739666581-tmp-tgz.lock
21 silly lockFile 3a52ce78- .
22 silly lockFile 3a52ce78- .
23 silly lockFile 15699e97-63256-0-8916244739666581-tmp-tgz C:\Users\Rishi\AppData\Local\Temp\npm-6772\1376853163256-0.8916244739666581\tmp.tgz
24 silly lockFile 15699e97-63256-0-8916244739666581-tmp-tgz C:\Users\Rishi\AppData\Local\Temp\npm-6772\1376853163256-0.8916244739666581\tmp.tgz
25 verbose tar unpack C:\Users\Rishi\AppData\Local\Temp\npm-6772\1376853163256-0.8916244739666581\tmp.tgz
26 silly lockFile d80d3b97-63256-0-8916244739666581-package C:\Users\Rishi\AppData\Local\Temp\npm-6772\1376853163256-0.8916244739666581\package
27 verbose lock C:\Users\Rishi\AppData\Local\Temp\npm-6772\1376853163256-0.8916244739666581\package C:\Users\Rishi\AppData\Roaming\npm-cache\d80d3b97-63256-0-8916244739666581-package.lock
28 silly lockFile 15699e97-63256-0-8916244739666581-tmp-tgz C:\Users\Rishi\AppData\Local\Temp\npm-6772\1376853163256-0.8916244739666581\tmp.tgz
29 verbose lock C:\Users\Rishi\AppData\Local\Temp\npm-6772\1376853163256-0.8916244739666581\tmp.tgz C:\Users\Rishi\AppData\Roaming\npm-cache\15699e97-63256-0-8916244739666581-tmp-tgz.lock
30 silly gunzTarPerm modes [ '755', '644' ]
31 silly gunzTarPerm extractEntry package.json
32 silly gunzTarPerm modified mode [ 'package.json', 438, 420 ]
33 silly gunzTarPerm extractEntry .npmignore
34 silly gunzTarPerm modified mode [ '.npmignore', 438, 420 ]
35 silly gunzTarPerm extractEntry README.md
36 silly gunzTarPerm modified mode [ 'README.md', 438, 420 ]
37 silly gunzTarPerm extractEntry index.js
38 silly gunzTarPerm modified mode [ 'index.js', 438, 420 ]
39 silly gunzTarPerm extractEntry Gruntfile.js
40 silly gunzTarPerm modified mode [ 'Gruntfile.js', 438, 420 ]
41 silly gunzTarPerm extractEntry dist/helio.js
42 silly gunzTarPerm modified mode [ 'dist/helio.js', 438, 420 ]
43 silly gunzTarPerm extractEntry dist/helio.min.js
44 silly gunzTarPerm modified mode [ 'dist/helio.min.js', 438, 420 ]
45 silly gunzTarPerm extractEntry .editorconfig
46 silly gunzTarPerm modified mode [ '.editorconfig', 438, 420 ]
47 silly gunzTarPerm extractEntry .jshintrc
48 silly gunzTarPerm modified mode [ '.jshintrc', 438, 420 ]
49 silly gunzTarPerm extractEntry LICENSE-MIT
50 silly gunzTarPerm modified mode [ 'LICENSE-MIT', 438, 420 ]
51 silly gunzTarPerm extractEntry src/array.js
52 silly gunzTarPerm modified mode [ 'src/array.js', 438, 420 ]
53 silly gunzTarPerm extractEntry src/end.js
54 silly gunzTarPerm modified mode [ 'src/end.js', 438, 420 ]
55 silly gunzTarPerm extractEntry src/object.js
56 silly gunzTarPerm modified mode [ 'src/object.js', 438, 420 ]
57 silly gunzTarPerm extractEntry src/start.js
58 silly gunzTarPerm modified mode [ 'src/start.js', 438, 420 ]
59 silly gunzTarPerm extractEntry bower.json
60 silly gunzTarPerm modified mode [ 'bower.json', 438, 420 ]
61 silly gunzTarPerm extractEntry CHANGELOG
62 silly gunzTarPerm modified mode [ 'CHANGELOG', 438, 420 ]
63 silly gunzTarPerm extractEntry test/spec/tests.spec.js
64 silly gunzTarPerm modified mode [ 'test/spec/tests.spec.js', 438, 420 ]
65 verbose read json C:\Users\Rishi\AppData\Local\Temp\npm-6772\1376853163256-0.8916244739666581\package\package.json
66 silly lockFile d80d3b97-63256-0-8916244739666581-package C:\Users\Rishi\AppData\Local\Temp\npm-6772\1376853163256-0.8916244739666581\package
67 silly lockFile d80d3b97-63256-0-8916244739666581-package C:\Users\Rishi\AppData\Local\Temp\npm-6772\1376853163256-0.8916244739666581\package
68 silly lockFile 15699e97-63256-0-8916244739666581-tmp-tgz C:\Users\Rishi\AppData\Local\Temp\npm-6772\1376853163256-0.8916244739666581\tmp.tgz
69 silly lockFile 15699e97-63256-0-8916244739666581-tmp-tgz C:\Users\Rishi\AppData\Local\Temp\npm-6772\1376853163256-0.8916244739666581\tmp.tgz
70 verbose from cache C:\Users\Rishi\AppData\Local\Temp\npm-6772\1376853163256-0.8916244739666581\package\package.json
71 verbose tar pack [ 'C:\\Users\\Rishi\\AppData\\Roaming\\npm-cache\\helio\\0.0.4\\package.tgz',
71 verbose tar pack   'C:\\Users\\Rishi\\AppData\\Local\\Temp\\npm-6772\\1376853163256-0.8916244739666581\\package' ]
72 verbose tarball C:\Users\Rishi\AppData\Roaming\npm-cache\helio\0.0.4\package.tgz
73 verbose folder C:\Users\Rishi\AppData\Local\Temp\npm-6772\1376853163256-0.8916244739666581\package
74 silly lockFile d80d3b97-63256-0-8916244739666581-package C:\Users\Rishi\AppData\Local\Temp\npm-6772\1376853163256-0.8916244739666581\package
75 verbose lock C:\Users\Rishi\AppData\Local\Temp\npm-6772\1376853163256-0.8916244739666581\package C:\Users\Rishi\AppData\Roaming\npm-cache\d80d3b97-63256-0-8916244739666581-package.lock
76 silly lockFile eb7d53af-pm-cache-helio-0-0-4-package-tgz C:\Users\Rishi\AppData\Roaming\npm-cache\helio\0.0.4\package.tgz
77 verbose lock C:\Users\Rishi\AppData\Roaming\npm-cache\helio\0.0.4\package.tgz C:\Users\Rishi\AppData\Roaming\npm-cache\eb7d53af-pm-cache-helio-0-0-4-package-tgz.lock
78 silly lockFile d80d3b97-63256-0-8916244739666581-package C:\Users\Rishi\AppData\Local\Temp\npm-6772\1376853163256-0.8916244739666581\package
79 silly lockFile d80d3b97-63256-0-8916244739666581-package C:\Users\Rishi\AppData\Local\Temp\npm-6772\1376853163256-0.8916244739666581\package
80 silly lockFile eb7d53af-pm-cache-helio-0-0-4-package-tgz C:\Users\Rishi\AppData\Roaming\npm-cache\helio\0.0.4\package.tgz
81 silly lockFile eb7d53af-pm-cache-helio-0-0-4-package-tgz C:\Users\Rishi\AppData\Roaming\npm-cache\helio\0.0.4\package.tgz
82 silly lockFile 5817d292-ng-npm-cache-helio-0-0-4-package C:\Users\Rishi\AppData\Roaming\npm-cache\helio\0.0.4\package
83 verbose lock C:\Users\Rishi\AppData\Roaming\npm-cache\helio\0.0.4\package C:\Users\Rishi\AppData\Roaming\npm-cache\5817d292-ng-npm-cache-helio-0-0-4-package.lock
84 silly lockFile 5817d292-ng-npm-cache-helio-0-0-4-package C:\Users\Rishi\AppData\Roaming\npm-cache\helio\0.0.4\package
85 silly lockFile 5817d292-ng-npm-cache-helio-0-0-4-package C:\Users\Rishi\AppData\Roaming\npm-cache\helio\0.0.4\package
86 verbose tar unpack C:\Users\Rishi\AppData\Roaming\npm-cache\helio\0.0.4\package.tgz
87 silly lockFile 5817d292-ng-npm-cache-helio-0-0-4-package C:\Users\Rishi\AppData\Roaming\npm-cache\helio\0.0.4\package
88 verbose lock C:\Users\Rishi\AppData\Roaming\npm-cache\helio\0.0.4\package C:\Users\Rishi\AppData\Roaming\npm-cache\5817d292-ng-npm-cache-helio-0-0-4-package.lock
89 silly lockFile eb7d53af-pm-cache-helio-0-0-4-package-tgz C:\Users\Rishi\AppData\Roaming\npm-cache\helio\0.0.4\package.tgz
90 verbose lock C:\Users\Rishi\AppData\Roaming\npm-cache\helio\0.0.4\package.tgz C:\Users\Rishi\AppData\Roaming\npm-cache\eb7d53af-pm-cache-helio-0-0-4-package-tgz.lock
91 silly gunzTarPerm modes [ '755', '644' ]
92 silly gunzTarPerm extractEntry package.json
93 silly gunzTarPerm modified mode [ 'package.json', 438, 420 ]
94 silly gunzTarPerm extractEntry .npmignore
95 silly gunzTarPerm modified mode [ '.npmignore', 438, 420 ]
96 silly gunzTarPerm extractEntry README.md
97 silly gunzTarPerm modified mode [ 'README.md', 438, 420 ]
98 silly gunzTarPerm extractEntry Gruntfile.js
99 silly gunzTarPerm modified mode [ 'Gruntfile.js', 438, 420 ]
100 silly gunzTarPerm extractEntry index.js
101 silly gunzTarPerm modified mode [ 'index.js', 438, 420 ]
102 silly gunzTarPerm extractEntry dist/helio.js
103 silly gunzTarPerm modified mode [ 'dist/helio.js', 438, 420 ]
104 silly gunzTarPerm extractEntry dist/helio.min.js
105 silly gunzTarPerm modified mode [ 'dist/helio.min.js', 438, 420 ]
106 silly gunzTarPerm extractEntry .jshintrc
107 silly gunzTarPerm modified mode [ '.jshintrc', 438, 420 ]
108 silly gunzTarPerm extractEntry .editorconfig
109 silly gunzTarPerm modified mode [ '.editorconfig', 438, 420 ]
110 silly gunzTarPerm extractEntry LICENSE-MIT
111 silly gunzTarPerm modified mode [ 'LICENSE-MIT', 438, 420 ]
112 silly gunzTarPerm extractEntry bower.json
113 silly gunzTarPerm modified mode [ 'bower.json', 438, 420 ]
114 silly gunzTarPerm extractEntry CHANGELOG
115 silly gunzTarPerm modified mode [ 'CHANGELOG', 438, 420 ]
116 silly gunzTarPerm extractEntry src/array.js
117 silly gunzTarPerm modified mode [ 'src/array.js', 438, 420 ]
118 silly gunzTarPerm extractEntry src/end.js
119 silly gunzTarPerm modified mode [ 'src/end.js', 438, 420 ]
120 silly gunzTarPerm extractEntry src/object.js
121 silly gunzTarPerm modified mode [ 'src/object.js', 438, 420 ]
122 silly gunzTarPerm extractEntry src/start.js
123 silly gunzTarPerm modified mode [ 'src/start.js', 438, 420 ]
124 silly gunzTarPerm extractEntry test/spec/tests.spec.js
125 silly gunzTarPerm modified mode [ 'test/spec/tests.spec.js', 438, 420 ]
126 verbose read json C:\Users\Rishi\AppData\Roaming\npm-cache\helio\0.0.4\package\package.json
127 silly lockFile 5817d292-ng-npm-cache-helio-0-0-4-package C:\Users\Rishi\AppData\Roaming\npm-cache\helio\0.0.4\package
128 silly lockFile 5817d292-ng-npm-cache-helio-0-0-4-package C:\Users\Rishi\AppData\Roaming\npm-cache\helio\0.0.4\package
129 silly lockFile eb7d53af-pm-cache-helio-0-0-4-package-tgz C:\Users\Rishi\AppData\Roaming\npm-cache\helio\0.0.4\package.tgz
130 silly lockFile eb7d53af-pm-cache-helio-0-0-4-package-tgz C:\Users\Rishi\AppData\Roaming\npm-cache\helio\0.0.4\package.tgz
131 verbose from cache C:\Users\Rishi\AppData\Roaming\npm-cache\helio\0.0.4\package\package.json
132 verbose chmod C:\Users\Rishi\AppData\Roaming\npm-cache\helio\0.0.4\package.tgz 644
133 silly chown skipping for windows C:\Users\Rishi\AppData\Roaming\npm-cache\helio\0.0.4\package.tgz
134 silly lockFile 3a52ce78- .
135 silly publish { name: 'helio',
135 silly publish   title: 'Helio',
135 silly publish   description: 'Provides many new utility functions to solve common tasks',
135 silly publish   version: '0.0.4',
135 silly publish   homepage: 'https://github.com/erikroyall/helio',
135 silly publish   author:
135 silly publish    { name: 'Erik Royall',
135 silly publish      email: 'erikroyall@hotmail.com',
135 silly publish      url: 'http://erikroyall.wordpress.com' },
135 silly publish   repository: { type: 'git', url: 'git://github.com/erikroyall/helio.git' },
135 silly publish   bugs: { url: 'https://github.com/erikroyall/helio/issues' },
135 silly publish   licenses:
135 silly publish    [ { type: 'MIT',
135 silly publish        url: 'https://github.com/erikroyall/helio/blob/master/LICENSE-MIT' } ],
135 silly publish   devDependencies:
135 silly publish    { grunt: '~0.4.1',
135 silly publish      'grunt-contrib-jshint': '~0.5.4',
135 silly publish      'grunt-contrib-concat': '~0.3.0',
135 silly publish      'grunt-contrib-uglify': '~0.2.0',
135 silly publish      'grunt-contrib-watch': '~0.4.4',
135 silly publish      'grunt-contrib-yuidoc': '~0.4.0',
135 silly publish      'grunt-contrib-jasmine': '~0.4.2',
135 silly publish      'grunt-release': '~0.5.1' },
135 silly publish   keywords: [ 'Utility', 'JavaScript' ],
135 silly publish   readme: 'Helio\r\n=====\r\n\r\n_v0.0.4_\r\n\r\nProvides many new utility functions to solve common tasks\r\n\r\n## Installation\r\n\r\n### Using bower\r\n    bower install helio\r\n\r\n### Using npm\r\n    npm install helio',
135 silly publish   readmeFilename: 'README.md',
135 silly publish   _id: 'helio@0.0.4',
135 silly publish   dist: { shasum: '31e189589463327922f00488a5c5224f6285905e' },
135 silly publish   _from: '.' }
136 verbose url raw helio
137 verbose url resolving [ 'https://registry.npmjs.org/', './helio' ]
138 verbose url resolved https://registry.npmjs.org/helio
139 info trying registry request attempt 1 at 00:43:43
140 http PUT https://registry.npmjs.org/helio
141 http 409 https://registry.npmjs.org/helio
142 verbose url raw helio
143 verbose url resolving [ 'https://registry.npmjs.org/', './helio' ]
144 verbose url resolved https://registry.npmjs.org/helio
145 info trying registry request attempt 1 at 00:43:46
146 http GET https://registry.npmjs.org/helio
147 http 200 https://registry.npmjs.org/helio
148 error publish fail Cannot publish over existing version.
148 error publish fail Update the 'version' field in package.json and try again.
148 error publish fail
148 error publish fail If the previous version was published in error, see:
148 error publish fail     npm help unpublish
148 error publish fail
148 error publish fail To automatically increment version numbers, see:
148 error publish fail     npm help version
149 error System Windows_NT 6.1.7601
150 error command "C:\\Program Files\\nodejs\\\\node.exe" "C:\\Program Files\\nodejs\\node_modules\\npm\\bin\\npm-cli.js" "publish"
151 error cwd Z:\Helio
152 error node -v v0.10.9
153 error npm -v 1.2.24
154 error code EPUBLISHCONFLICT
155 verbose exit [ 1, true ]
